<?xml version="1.0" encoding="UTF-8"?>
<!-- Generated by org.testng.reporters.JUnitReportReporter -->
<testsuite skipped="0" hostname="RaghavPC" name="testng.basics.ParameterizationTest" tests="2" failures="0" timestamp="25 Jul 2017 13:57:40 GMT" time="0.008" errors="0">
  <testcase name="doLogin" time="0.005" classname="testng.basics.ParameterizationTest"/>
  <testcase name="doLogin" time="0.003" classname="testng.basics.ParameterizationTest"/>
</testsuite> <!-- testng.basics.ParameterizationTest -->
