<?xml version="1.0" encoding="UTF-8"?>
<!-- Generated by org.testng.reporters.JUnitReportReporter -->
<testsuite hostname="RaghavPC" name="testng.learning.ParameterizationTest" tests="2" failures="0" timestamp="2 Sep 2017 06:23:49 GMT" time="0.001" errors="0">
  <testcase name="doLogin" time="0.000" classname="testng.learning.ParameterizationTest"/>
  <testcase name="doLogin" time="0.001" classname="testng.learning.ParameterizationTest"/>
</testsuite> <!-- testng.learning.ParameterizationTest -->
